<?xml version="1.0" encoding="UTF-8"?>
<!-- Generated by org.testng.reporters.JUnitReportReporter -->
<testsuite hostname="DESKTOP-TAPJUMM" failures="0" tests="4" name="api.test.UserTests" time="24.586" errors="0" timestamp="2023-03-28T16:30:56 IST" skipped="0">
  <testcase classname="api.test.UserTests" name="testPostUser" time="15.308"/>
  <system-out/>
  <testcase classname="api.test.UserTests" name="testGetUserByName" time="2.600"/>
  <system-out/>
  <testcase classname="api.test.UserTests" name="testUpdateUserByName" time="4.847"/>
  <system-out/>
  <testcase classname="api.test.UserTests" name="testDeleteUserByName" time="1.831"/>
  <system-out/>
</testsuite> <!-- api.test.UserTests -->
