<?xml version="1.0" encoding="UTF-8"?>
<!-- Generated by org.testng.reporters.JUnitReportReporter -->
<testsuite hostname="DESKTOP-TAPJUMM" failures="0" tests="6" name="api.test.DDTests" time="30.606" errors="0" timestamp="2023-03-28T13:08:39 IST" skipped="0">
  <testcase classname="api.test.DDTests" name="testPostuser" time="3.069"/>
  <system-out/>
  <testcase classname="api.test.DDTests" name="testPostuser" time="2.292"/>
  <system-out/>
  <testcase classname="api.test.DDTests" name="testPostuser" time="16.552"/>
  <system-out/>
  <testcase classname="api.test.DDTests" name="testDeleteUserByName" time="2.956"/>
  <system-out/>
  <testcase classname="api.test.DDTests" name="testDeleteUserByName" time="2.356"/>
  <system-out/>
  <testcase classname="api.test.DDTests" name="testDeleteUserByName" time="3.381"/>
  <system-out/>
</testsuite> <!-- api.test.DDTests -->
