<?xml version="1.0" encoding="UTF-8"?>
<!-- Generated by org.testng.reporters.JUnitReportReporter -->
<testsuite hostname="DESKTOP-TAPJUMM" failures="0" tests="4" name="api.test.UserTests" time="22.825" errors="0" timestamp="2023-03-31T18:08:48 IST" skipped="0">
  <testcase classname="api.test.UserTests" name="testPostUser" time="13.694"/>
  <system-out/>
  <testcase classname="api.test.UserTests" name="testGetUserByName" time="2.471"/>
  <system-out/>
  <testcase classname="api.test.UserTests" name="testUpdateUserByName" time="4.453"/>
  <system-out/>
  <testcase classname="api.test.UserTests" name="testDeleteUserByName" time="2.207"/>
  <system-out/>
</testsuite> <!-- api.test.UserTests -->
